Microsoft (R) Macro Assembler Version 5.10                  11/10/21 22:56:3
                                                             Page     1-1


				ASSUME CS:CODE, DS:DATA, SS:STACK
				
 0000				STACK SEGMENT STACK
 0000  0400[				DW 1024 DUP (?)
	   ????			
			 ]	
				
 0800				STACK ENDS
				
 0000				DATA      SEGMENT
 0000  0000				KEEP_CS DW 0 ; –¥–ª—è —Ö—Ä–∞–Ω–µ–Ω–∏—è 
				—Å–µ–≥–º–µ–Ω—Ç–∞
 0002  0000			    KEEP_IP DW 0 ; –∏ —Å–º–µ—â–µ–Ω–∏—è –ø—Ä–µ—Ä
				—ã–≤–∞–Ω–∏—è
 0004				DATA      ENDS
				
 0000				CODE      SEGMENT
				    
 0000				SUBR_INT  PROC FAR
 0000  50				PUSH AX    ; —Å–æ—Ö—Ä–∞–Ω–µ–Ω–∏–µ –∏–∑–
				º–µ–Ω—è–µ–º—ã—Ö —Ä–µ–≥–∏—Å—Ç—Ä–æ–≤
 0001  51				PUSH CX
						
				            ;<–¥–µ–π—Å—Ç–≤–∏—è –ø–æ –æ–±—Ä–∞–±–
				æ—Ç–∫–µ –ø—Ä–µ—Ä—ã–≤–∞–Ω–∏—è>
 0002  8B C8				MOV CX, AX
 0004  B0 B6				MOV AL, 10110110b
 0006  E6 43				OUT 43H, AL ; –ö–æ–¥ –¥–ª—è —É—Å—Ç–∞–Ω–
				æ–≤–ª–µ–Ω–∏—è –∫–∞–Ω–∞–ª–∞ 2 —Ç–∞–π–º–µ—Ä–∞-—Å—
				á–µ—Ç—á–∏–∫–∞ –Ω–∞ —Ä–∞–±–æ—Ç—É –≤ –∫–∞—á–µ—Å—Ç
				–≤–µ –¥–µ–ª–∏—Ç–µ–ª—è —á–∞—Å—Ç–æ—Ç—ã
 0008  8B C1				MOV AX, CX ; –ó–∞–Ω–æ—Å–∏–º –≤ AX –≤—ã—
				Å–æ—Ç—É –∑–≤—É–∫–∞
 000A  E6 42				OUT 42H, AL
 000C  8A C4				MOV AL, AH
 000E  E6 42				OUT 42H, AL ; –ó–∞–Ω–æ—Å–∏–º –ø–æ–æ—á–µ
				—Ä–µ–¥–Ω–æ 2 –±–∞–π—Ç–∞ –≤ –ø–æ—Ä—Ç 42h
 0010  E4 61				IN AL, 61H
 0012  8A E0				MOV AH, AL
 0014  0C 03				OR AL, 3
 0016  E6 61				OUT 61H, AL ; –£—Å—Ç–∞–Ω–æ–≤–ª–µ–Ω–∏–µ 
				–±–∏—Ç–æ–≤ 0 –∏ 1 –≤ –µ–¥–∏–Ω–∏—Ü—É
 0018  2B C9				SUB CX, CX
 001A					WORK_TIME:
 001A  90				NOP
 001B  90				NOP
 001C  90				NOP
 001D  90				NOP
 001E  90				NOP
 001F  E2 F9				LOOP WORK_TIME ; –¶–∏–∫–ª, –ø–æ–∫–∞ –¥–
				∏–Ω–∞–º–∏–∫ —Ä–∞–±–æ—Ç–∞–µ—Ç
 0021  8A C4				MOV AL, AH
 0023  E6 61				OUT 61H, AL ; –í—ã–∫–ª—é—á–µ–Ω–∏–µ –¥–∏
				–Ω–∞–º–∏–∫–∞ (–∏–∑–Ω–∞—á–∞–ª—å–Ω–æ–µ –∑–Ω–∞—á–µ
Microsoft (R) Macro Assembler Version 5.10                  11/10/21 22:56:3
                                                             Page     1-2


				–Ω–∏–µ –ø–æ—Ä—Ç–∞ 61h)
				            ;<–∫–æ–Ω–µ—Ü –¥–µ–π—Å—Ç–≤–∏–π –ø–æ 
				–æ–±—Ä–∞–±–æ—Ç–∫–µ –ø—Ä–µ—Ä—ã–≤–∞–Ω–∏—è>
 0025  59				POP CX
 0026  58				POP  AX   ; –≤–æ—Å—Å—Ç–∞–Ω–æ–≤–ª–µ–Ω–∏–
				µ —Ä–µ–≥–∏—Å—Ç—Ä–æ–≤
 0027  B0 20				MOV  AL, 20H
 0029  E6 20				OUT  20H,AL
 002B  CF				IRET
 002C				SUBR_INT  ENDP
				
 002C				Main	PROC  FAR
					; <–ó–∞–ø–æ–º–∏–Ω–∞–Ω–∏–µ —Ç–µ–∫—É—â–µ–
				≥–æ –≤–µ–∫—Ç–æ—Ä–∞ –ø—Ä–µ—Ä—ã–≤–∞–Ω–∏—è>
 002C  B4 35				MOV  AH, 35H   ; —Ñ—É–Ω–∫—Ü–∏—è –ø–æ–ª—
				É—á–µ–Ω–∏—è –≤–µ–∫—Ç–æ—Ä–∞
 002E  B0 60			    MOV  AL, 60H   ; –Ω–æ–º–µ—Ä –≤–µ–∫—Ç–æ—Ä–∞
 0030  CD 21			    INT  21H
 0032  89 1E 0002 R		    MOV  KEEP_IP, BX  ; –∑–∞–ø–æ–º–∏–Ω–∞–Ω–∏–µ 
				—Å–º–µ—â–µ–Ω–∏—è
 0036  8C 06 0000 R		    MOV  KEEP_CS, ES  ; –∏ —Å–µ–≥–º–µ–Ω—Ç–∞
					
					; <–£—Å—Ç–∞–Ω–æ–≤–∫–∞ –≤–µ–∫—Ç–æ—Ä–∞ –ø
				—Ä–µ—Ä—ã–≤–∞–Ω–∏—è>
 003A  1E				PUSH DS
 003B  BA 0000 R		    MOV  DX, OFFSET SUBR_INT ; —Å–º–µ—â–µ–Ω–∏–µ
				 –¥–ª—è –ø—Ä–æ—Ü–µ–¥—É—Ä—ã –≤ DX
 003E  B8 ---- R		    MOV  AX, SEG SUBR_INT    ; —Å–µ–≥–º–µ–Ω—Ç –
				ø—Ä–æ—Ü–µ–¥—É—Ä—ã
 0041  8E D8			    MOV  DS, AX          ; –ø–æ–º–µ—â–∞–µ–º –≤ 
				DS
 0043  B4 25			    MOV  AH, 25H         ; —Ñ—É–Ω–∫—Ü–∏—è —É—Å—
				Ç–∞–Ω–æ–≤–∫–∏ –≤–µ–∫—Ç–æ—Ä–∞
 0045  B0 60			    MOV  AL, 60H         ; –Ω–æ–º–µ—Ä –≤–µ–∫—Ç–
				æ—Ä–∞
 0047  CD 21			    INT  21H             ; –º–µ–Ω—è–µ–º –ø—Ä–µ—
				Ä—ã–≤–∞–Ω–∏–µ
 0049  1F			    POP  DS
					
 004A  B8 1F40				MOV AX, 8000
 004D  CD 60				INT 60H
				
					; <–í–æ—Å—Å—Ç–∞–Ω–æ–≤–ª–µ–Ω–∏–µ –∏–∑–Ω–
				∞—á–∞–ª—å–Ω–æ–≥–æ –≤–µ–∫—Ç–æ—Ä–∞ –ø—Ä–µ—Ä—ã–≤–∞
				–Ω–∏—è>
 004F  FA				CLI
 0050  1E			    PUSH DS
 0051  8B 16 0002 R		    MOV  DX, KEEP_IP
 0055  A1 0000 R		    MOV  AX, KEEP_CS
 0058  8E D8			    MOV  DS, AX
 005A  B4 25			    MOV  AH, 25H
 005C  B0 60			    MOV  AL, 60H
 005E  CD 21			    INT  21H          ; –≤–æ—Å—Å—Ç–∞–Ω–∞–≤–ª–∏–
				≤–∞–µ–º –≤–µ–∫—Ç–æ—Ä
Microsoft (R) Macro Assembler Version 5.10                  11/10/21 22:56:3
                                                             Page     1-3


 0060  1F			    POP  DS
 0061  FB			    STI
					
 0062  B4 4C				MOV AH, 4Ch                          
 0064  CD 21				INT 21h
 0066				Main      ENDP
 0066				CODE ENDS
					END Main
Microsoft (R) Macro Assembler Version 5.10                  11/10/21 22:56:3
                                                             Symbols-1


Segments and Groups:

                N a m e         	Length	 Align	Combine Class

CODE . . . . . . . . . . . . . .  	0066	PARA	NONE	
DATA . . . . . . . . . . . . . .  	0004	PARA	NONE	
STACK  . . . . . . . . . . . . .  	0800	PARA	STACK	

Symbols:            

                N a m e         	Type	 Value	 Attr

KEEP_CS  . . . . . . . . . . . .  	L WORD	0000	DATA
KEEP_IP  . . . . . . . . . . . .  	L WORD	0002	DATA

MAIN . . . . . . . . . . . . . .  	F PROC	002C	CODE	Length = 003A

SUBR_INT . . . . . . . . . . . .  	F PROC	0000	CODE	Length = 002C

WORK_TIME  . . . . . . . . . . .  	L NEAR	001A	CODE

@CPU . . . . . . . . . . . . . .  	TEXT  0101h		
@FILENAME  . . . . . . . . . . .  	TEXT  lr5		
@VERSION . . . . . . . . . . . .  	TEXT  510		


     85 Source  Lines
     85 Total   Lines
     13 Symbols

  48034 + 459226 Bytes symbol space free

      0 Warning Errors
      0 Severe  Errors
