Microsoft (R) Macro Assembler Version 5.10                  9/26/21 16:26:27
                                                             Page     1-1


       1				; –ü—Ä–æ–≥—Ä–∞–º–º–∞ –∏–∑—É—á–µ–Ω–∏—è —
					Ä–µ–∂–∏–º–æ–≤ –∞–¥—Ä–µ—Å–∞—Ü–∏–∏ –ø—Ä–æ
					—Ü–µ—Å—Å–æ—Ä–∞ IntelX86
       2 = 0024				EOL EQU '$'
       3 = 0002				ind  EQU   2
       4 = 01F4				n1   EQU  500
       5 =-0032				n2   EQU  -50
       6				
       7				; –°—Ç–µ–∫  –ø—Ä–æ–≥—Ä–∞–º–º—ã
       8 0000				AStack SEGMENT  STACK
       9 0000  000C[			    DW 12 DUP(?)
      10	   ????			
      11			 ]	
      12				
      13 0018				AStack  ENDS
      14				;–î–∞–Ω–Ω—ã–µ –ø—Ä–æ–≥—Ä–∞–º–º—ã
      15 0000				DATA      SEGMENT
      16				;–î–∏—Ä–µ–∫—Ç–∏–≤—ã –æ–ø–∏—Å–∞–Ω–∏—è –¥
					–∞–Ω–Ω—ã—Ö
      17 0000  0000			mem1      DW    0
      18 0002  0000			mem2      DW    0
      19 0004  0000			mem3      DW    0
      20 0006  1F 20 21 22 26 25	vec1      DB    31,32,33,34,38,37,36,35
      21       24 23			
      22 000E  32 3C CE C4 46 50	vec2      DB    50,60,-50,-60,70,80,-70
					,-80
      23       BA B0			
      24 0016  FC FD 07 08 FE FF	matr      DB    -4,-3,7,8,-2,-1,5,6,-8,
					-7,3,4,-6,-5,1,2
      25       05 06 F8 F9 03 04	
      26       FA FB 01 02		
      27 0026				DATA      ENDS
      28				
      29				; –ö–æ–¥ –ø—Ä–æ–≥—Ä–∞–º–º—ã
      30 0000				CODE      SEGMENT
      31				      ASSUME CS:CODE, DS:DATA, SS:AStac
					k
      32				
      33				; –ì–æ–ª–æ–≤–Ω–∞—è –ø—Ä–æ—Ü–µ–¥—É—Ä–∞
      34 0000				Main      PROC  FAR
      35 0000  1E			      push  DS
      36 0001  2B C0			      sub   AX,AX
      37 0003  50			      push  AX
      38 0004  B8 ---- R		      mov   AX,DATA
      39 0007  8E D8			      mov   DS,AX
      40				
      41				;  –ü–†–û–í–ï–†–ö–ê –†–ï–ñ–ò–ú–û–í –ê–î
					–†–ï–°–ê–¶–ò–ò –ù–ê –£–†–û–í–ù–ï –°–ú–ï
					–©–ï–ù–ò–ô
      42				;  –†–µ–≥–∏—Å—Ç—Ä–æ–≤–∞—è –∞–¥—Ä–µ—Å–∞—
					Ü–∏—è
      43 0009  B8 01F4			        mov  ax,n1
      44 000C  8B C8			        mov  cx,ax
      45 000E  B3 24			        mov  bl,EOL
Microsoft (R) Macro Assembler Version 5.10                  9/26/21 16:26:27
                                                             Page     1-2


      46 0010  B7 CE			        mov  bh,n2
      47				;  –ü—Ä—è–º–∞—è   –∞–¥—Ä–µ—Å–∞—Ü–∏—è
      48 0012  C7 06 0002 R FFCE	        mov  mem2,n2
      49 0018  BB 0006 R		        mov  bx,OFFSET vec1
      50 001B  A3 0000 R		        mov  mem1,ax
      51				;  –ö–æ—Å–≤–µ–Ω–Ω–∞—è –∞–¥—Ä–µ—Å–∞—Ü–∏—
					è
      52 001E  8A 07			        mov  al,[bx]
      53				        mov  mem3,[bx]
lr2.asm(46): error A2052: Improper operand type
      54				;  –ë–∞–∑–∏—Ä–æ–≤–∞–Ω–Ω–∞—è –∞–¥—Ä–µ—Å–
					∞—Ü–∏—è
      55 0020  8A 47 03			        mov  al,[bx]+3
      56 0023  8B 4F 03			        mov  cx,3[bx]
      57				;  –ò–Ω–¥–µ–∫—Å–Ω–∞—è –∞–¥—Ä–µ—Å–∞—Ü–∏—
					è
      58 0026  BF 0002			        mov  di,ind
      59 0029  8A 85 000E R		        mov  al,vec2[di]
      60 002D  8B 8D 000E R		        mov  cx,vec2[di]
lr2.asm(53): warning A4031: Operand types must match
      61				;  –ê–¥—Ä–µ—Å–∞—Ü–∏—è —Å –±–∞–∑–∏—Ä–æ–≤
					–∞–Ω–∏–µ–º –∏ –∏–Ω–¥–µ–∫—Å–∏—Ä–æ–≤–∞–Ω–
					∏–µ–º
      62 0031  BB 0003			        mov  bx,3
      63 0034  8A 81 0016 R		        mov  al,matr[bx][di]
      64 0038  8B 89 0016 R		        mov  cx,matr[bx][di]
lr2.asm(57): warning A4031: Operand types must match
      65 003C  8B 85 0022 R		        mov  ax,matr[bx*4][di]
lr2.asm(58): error A2055: Illegal register value
      66				
      67				;  –ü–†–û–í–ï–†–ö–ê –†–ï–ñ–ò–ú–û–í –ê–î
					–†–ï–°–ê–¶–ò–ò –° –£–ß–ï–¢–û–ú –°–ï–ì–ú
					–ï–ù–¢–û–í
      68				;  –ü–µ—Ä–µ–æ–ø—Ä–µ–¥–µ–ª–µ–Ω–∏–µ —Å–µ–
					≥–º–µ–Ω—Ç–∞
      69				;  ------ –≤–∞—Ä–∏–∞–Ω—Ç 1
      70 0040  B8 ---- R		        mov  ax, SEG vec2
      71 0043  8E C0			        mov  es, ax
      72 0045  26: 8B 07		        mov  ax, es:[bx]
      73 0048  B8 0000			        mov  ax, 0
      74				;  ------ –≤–∞—Ä–∏–∞–Ω—Ç 2
      75 004B  8E C0			        mov  es, ax
      76 004D  1E			        push ds
      77 004E  07			        pop  es
      78 004F  26: 8B 4F FF		        mov  cx, es:[bx-1]
      79 0053  91			        xchg cx,ax
      80				;  ------ –≤–∞—Ä–∏–∞–Ω—Ç 3
      81 0054  BF 0002			        mov  di,ind
      82 0057  26: 89 01		        mov  es:[bx+di],ax
      83				;  ------ –≤–∞—Ä–∏–∞–Ω—Ç 4
      84 005A  8B EC			        mov  bp,sp
      85 005C  3E: 8B 86 0016 R		        mov  ax,matr[bp+bx]
lr2.asm(78): error A2046: Multiple base registers
      86 0061  3E: 8B 83 0016 R		        mov  ax,matr[bp+di+si]
lr2.asm(79): error A2047: Multiple index registers
      87				;  –ò—Å–ø–æ–ª—å–∑–æ–≤–∞–Ω–∏–µ —Å–µ–≥–º–
					µ–Ω—Ç–∞ —Å—Ç–µ–∫–∞
      88 0066  FF 36 0000 R		        push  mem1
      89 006A  FF 36 0002 R		        push  mem2
      90 006E  8B EC			        mov   bp,sp
Microsoft (R) Macro Assembler Version 5.10                  9/26/21 16:26:27
                                                             Page     1-3


      91 0070  8B 56 02			        mov   dx,[bp]+2
      92 0073  CA 0002			        ret   2
      93 0076				Main      ENDP
lr2.asm(86): error A2006: Phase error between passes
      94 0076				CODE      ENDS
      95				END Main
Microsoft (R) Macro Assembler Version 5.10                  9/26/21 16:26:27
                                                             Symbols-1


Segments and Groups:

                N a m e         	Length	 Align	Combine Class

ASTACK . . . . . . . . . . . . .  	0018	PARA	STACK	
CODE . . . . . . . . . . . . . .  	0076	PARA	NONE	
DATA . . . . . . . . . . . . . .  	0026	PARA	NONE	

Symbols:            

                N a m e         	Type	 Value	 Attr

EOL  . . . . . . . . . . . . . .  	NUMBER	0024	

IND  . . . . . . . . . . . . . .  	NUMBER	0002	

MAIN . . . . . . . . . . . . . .  	F PROC	0000	CODE	Length = 0076
MATR . . . . . . . . . . . . . .  	L BYTE	0016	DATA
MEM1 . . . . . . . . . . . . . .  	L WORD	0000	DATA
MEM2 . . . . . . . . . . . . . .  	L WORD	0002	DATA
MEM3 . . . . . . . . . . . . . .  	L WORD	0004	DATA

N1 . . . . . . . . . . . . . . .  	NUMBER	01F4	
N2 . . . . . . . . . . . . . . .  	NUMBER	-0032	

VEC1 . . . . . . . . . . . . . .  	L BYTE	0006	DATA
VEC2 . . . . . . . . . . . . . .  	L BYTE	000E	DATA

@CPU . . . . . . . . . . . . . .  	TEXT  0101h		
@FILENAME  . . . . . . . . . . .  	TEXT  lr2		
@VERSION . . . . . . . . . . . .  	TEXT  510		


     88 Source  Lines
     88 Total   Lines
     19 Symbols

  47316 + 459944 Bytes symbol space free

      2 Warning Errors
      5 Severe  Errors
