Microsoft (R) Macro Assembler Version 5.10                  12/9/21 12:52:37
                                                             Page     1-1


 = 000A				siz equ 10 ; –∫–æ–ª-–≤–æ —Å–∏–º–≤–æ–ª–æ–≤ –≤ —Å
				—Ç—Ä–æ–∫–µ –¥–ª—è –≤–≤–æ–¥–∞
				
 0000				AStack SEGMENT STACK
 0000  000C[			 DW 12 DUP(?)
	   ????			
			 ]	
				
 0018				AStack ENDS
				
 0000				DATA SEGMENT
 0000  0000			 KEEP_CS DW 0 ; –¥–ª—è —Ö—Ä–∞–Ω–µ–Ω–∏—è —Å–µ–≥–
				º–µ–Ω—Ç–∞
 0002  0000			 KEEP_IP DW 0 ; –∏ —Å–º–µ—â–µ–Ω–∏—è –ø—Ä–µ—Ä—ã–
				≤–∞–Ω–∏—è
 0004  0D 0A			 message DB 0Dh, 0Ah,siz dup("$"), '$'
       000A[			
	   24			
			 ]	
       24			
 0011  0D 0A 45 6E 64 21	 message2 DB 0Dh, 0Ah,'End!', '$' ; —Å—Ç—Ä–æ–∫–
				∞ –æ –∑–∞–≤–µ—Ä—à–µ–Ω–∏–∏
       24			
 0018				DATA ENDS
				
 0000				CODE SEGMENT
				 ASSUME CS:CODE, DS:DATA, SS:AStack
				
 0000				foo PROC FAR
 0000  50				push AX ; —Å–æ—Ö—Ä–∞–Ω–µ–Ω–∏–µ –∏–∑–º–µ
				–Ω—è–µ–º—ã—Ö —Ä–µ–≥–∏—Å—Ç—Ä–æ–≤
 0001  51				push CX
 0002  52				push DX
				
 0003  B8 000A				mov ax, siz
 0006  8B C8				mov cx, ax
 0008  BF 0004 R			mov di, offset message ; –ø–æ–ª—É—á–∞–µ
				–º —Å–º–µ—â–µ–Ω–∏–µ –Ω–∞ –Ω–∞—á–∞–ª–æ —Å–æ–æ–±—
				â–µ–Ω–∏—è
 000B  83 C7 02				add di, 2
 000E				lp:	
 000E  B4 01				mov ah, 01h ; —Ñ—É–Ω–∫—Ü–∏—è –≤–≤–æ–¥–∞
				 —Å –∫–ª–∞–≤–∏–∞—Ç—É—Ä—ã
 0010  CD 21				int 21h
 0012  88 05				mov [di], al ; –ø–æ–º–µ—â–∞–µ–º —Å–∏–º–
				≤–æ–ª –≤ —Å—Ç—Ä–æ–∫—É
 0014  83 C7 01				add di, 1
 0017  E2 F5				loop lp ;—Ü–∏–∫–ª
					
 0019  B4 09				mov ah, 09h ; —Ñ—É–Ω–∫—Ü–∏—è –≤—ã–≤–æ–¥
				–∞ —Å—Ç—Ä–æ–∫–∏
 001B  BA 0004 R			mov dx, offset message ; —É–∫–∞–∑—ã–≤–∞
				–µ–º —Å–º–µ—â–µ–Ω–∏–µ —Å—Ç—Ä–æ–∫–∏
 001E  CD 21				int 21h ; –≤—ã–≤–µ–ª–∏
Microsoft (R) Macro Assembler Version 5.10                  12/9/21 12:52:37
                                                             Page     1-2


 0020  BA 0011 R			mov dx, offset message2
 0023  CD 21				int 21h ; –≤—ã–≤–µ–ª–∏
				
 0025  5A				pop DX ;–≤–æ—Å—Å—Ç–∞–Ω–æ–≤–ª–µ–≤–∞–µ–º 
				—Ä–µ–≥–∏—Å—Ç—Ä—ã
 0026  59				pop CX  
 0027  58			    pop AX
 0028  B0 20			    mov AL, 20h ; –¥–ª—è —Ä–∞–∑—Ä–µ—à–µ–Ω–∏—è –
				æ–±—Ä–∞–±–æ–∫–∏ –ø—Ä–µ—Ä—ã–≤–∞–Ω–∏–π
 002A  E6 20			    out 20h,AL ; —Å –±–æ–ª–µ–µ –Ω–∏–∑–∫–∏–º–∏ —
				É—Ä–æ–≤–Ω—è–º–∏, —á–µ–º —Ç–æ–ª—å–∫–æ —á—Ç–æ –æ–
				±—Ä–∞–±–æ—Ç–∞–Ω–Ω–æ–µ
 002C  CF			    iret
 002D				foo ENDP
				
				
 002D				Main PROC FAR
 002D  1E				push DS
 002E  2B C0				sub AX,AX
 0030  50				push AX
 0031  B8 ---- R			mov AX, DATA
 0034  8E D8				mov DS, AX
				
 0036  B4 35				mov AH,35h ; –≤–æ–∑–≤—Ä–∞—â–µ–Ω–∏–µ —Ç–
				µ–∫—É—â–µ–≥–æ –∑–Ω–∞—á–µ–Ω–∏—è –≤–µ–∫—Ç–æ—Ä–∞ –
				ø—Ä–µ—Ä—ã–≤–∞–Ω–∏—è
 0038  B0 60				mov AL,60h ; –Ω–æ–º–µ—Ä –≤–µ–∫—Ç–æ—Ä–∞
 003A  CD 21				int 21h
 003C  89 1E 0002 R			mov KEEP_IP, BX ; –∑–∞–ø–æ–º–∏–Ω–∞–Ω–∏–
				µ —Å–º–µ—â–µ–Ω–∏—è
 0040  8C 06 0000 R			mov KEEP_CS, ES ; –∑–∞–ø–æ–º–∏–Ω–∞–Ω–∏–
				µ —Å–µ–≥–º–µ–Ω—Ç–∞
				
 0044  1E				push DS
 0045  BA 0000 R			mov DX, offset foo ; —Å–º–µ—â–µ–Ω–∏–µ –
				¥–ª—è –ø—Ä–æ—Ü–µ–¥—É—Ä—ã
 0048  B8 ---- R			mov AX, seg foo ; —Å–µ–≥–º–µ–Ω—Ç –ø—Ä–æ
				—Ü–µ–¥—É—Ä—ã
 004B  8E D8				mov DS, AX
 004D  B4 25				mov AH, 25h ; —Ñ—É–Ω–∫—Ü–∏—è —É—Å—Ç–∞–Ω
				–æ–≤–∫–∏ –≤–µ–∫—Ç–æ—Ä–∞
 004F  B0 60				mov AL, 60h ; –Ω–æ–º–µ—Ä –≤–µ–∫—Ç–æ—Ä–∞
 0051  CD 21				int 21h ; —É—Å—Ç–∞–Ω–∞–≤–ª–∏–≤–∞–µ–º –≤
				–µ–∫—Ç–æ—Ä –ø—Ä–µ—Ä—ã–≤–∞–Ω–∏—è –Ω–∞ —É–∫–∞–∑–∞
				–Ω–Ω—ã–π –∞–¥—Ä–µ—Å –Ω–æ–≤–æ–≥–æ –æ–±—Ä–∞–±–æ—Ç
				—á–∏–∫–∞
 0053  1F				pop DS
				
 0054  CD 60				int 60h ; –≤—ã–∑—ã–≤–∞–µ–º –ø—Ä–µ—Ä—ã–≤
				–∞–Ω–∏–µ –ø–æ–ª—å–∑–æ–≤–∞—Ç–µ–ª—è
					
 0056  FA				CLI
 0057  1E				push DS
 0058  8B 16 0002 R			mov DX, KEEP_IP
Microsoft (R) Macro Assembler Version 5.10                  12/9/21 12:52:37
                                                             Page     1-3


 005C  A1 0000 R			mov AX, KEEP_CS
 005F  8E D8				mov DS, AX
 0061  B4 25				mov AH, 25h
 0063  B0 60				mov AL, 60h
 0065  CD 21				int 21h
 0067  1F				pop DS
 0068  FB				STI 
				
 0069  CB				ret
 006A				Main ENDP
 006A				CODE ENDS	
					END Main
Microsoft (R) Macro Assembler Version 5.10                  12/9/21 12:52:37
                                                             Symbols-1


Segments and Groups:

                N a m e         	Length	 Align	Combine Class

ASTACK . . . . . . . . . . . . .  	0018	PARA	STACK	
CODE . . . . . . . . . . . . . .  	006A	PARA	NONE	
DATA . . . . . . . . . . . . . .  	0018	PARA	NONE	

Symbols:            

                N a m e         	Type	 Value	 Attr

FOO  . . . . . . . . . . . . . .  	F PROC	0000	CODE	Length = 002D

KEEP_CS  . . . . . . . . . . . .  	L WORD	0000	DATA
KEEP_IP  . . . . . . . . . . . .  	L WORD	0002	DATA

LP . . . . . . . . . . . . . . .  	L NEAR	000E	CODE

MAIN . . . . . . . . . . . . . .  	F PROC	002D	CODE	Length = 003D
MESSAGE  . . . . . . . . . . . .  	L BYTE	0004	DATA
MESSAGE2 . . . . . . . . . . . .  	L BYTE	0011	DATA

SIZ  . . . . . . . . . . . . . .  	NUMBER	000A	

@CPU . . . . . . . . . . . . . .  	TEXT  0101h		
@FILENAME  . . . . . . . . . . .  	TEXT  main		
@VERSION . . . . . . . . . . . .  	TEXT  510		


     86 Source  Lines
     86 Total   Lines
     16 Symbols

  48016 + 459244 Bytes symbol space free

      0 Warning Errors
      0 Severe  Errors
