Microsoft (R) Macro Assembler Version 5.10                  11/7/21 13:09:44
                                                             Page     1-1


				; –°—Ç–µ–∫  –ø—Ä–æ–≥—Ä–∞–º–º—ã
 0000				AStack    SEGMENT  STACK
 0000  000C[			          DW 12 DUP('!')    ; –û—Ç–≤–æ–¥–∏—Ç—Å—
				è 12 —Å–ª–æ–≤ –ø–∞–º—è—Ç–∏
	   0021			
			 ]	
				
 0018				AStack    ENDS
				
				; –î–∞–Ω–Ω—ã–µ –ø—Ä–æ–≥—Ä–∞–º–º—ã
 0000				DATA      SEGMENT
				
				;  –î–∏—Ä–µ–∫—Ç–∏–≤—ã –æ–ø–∏—Å–∞–Ω–∏—è –¥–∞–Ω–Ω
				—ã—Ö
 0000  0005			a      DW    5
 0002  0005			b      DW    5
 0004  0007			i      DW    7
 0006  0000			k      DW    0
 0008  0000			i1     DW    0
 000A  0000			i2     DW    0
 000C				DATA      ENDS
				
				; –ö–æ–¥ –ø—Ä–æ–≥—Ä–∞–º–º—ã
 0000				CODE      SEGMENT
				          ASSUME CS:CODE, DS:DATA, SS:AStack
				
				; –ì–æ–ª–æ–≤–Ω–∞—è –ø—Ä–æ—Ü–µ–¥—É—Ä–∞
 0000				Main      PROC  FAR
 0000  1E			          push  DS       ;\  –°–æ—Ö—Ä–∞–Ω–µ–Ω–∏
				–µ –∞–¥—Ä–µ—Å–∞ –Ω–∞—á–∞–ª–∞ PSP –≤ —Å—Ç–µ–∫–µ
 0001  2B C0			          sub   AX,AX    ; > –¥–ª—è –ø–æ—Å–ª–µ–
				¥—É—é—â–µ–≥–æ –≤–æ—Å—Å—Ç–∞–Ω–æ–≤–ª–µ–Ω–∏—è –ø–æ
 0003  50			          push  AX       ;/  –∫–æ–º–∞–Ω–¥–µ ret
				, –∑–∞–≤–µ—Ä—à–∞—é—â–µ–π –ø—Ä–æ—Ü–µ–¥—É—Ä—É.
 0004  B8 ---- R		          mov   AX,DATA   ; –ó–∞–≥—Ä—É–∑–∫–∞ —Å
				–µ–≥–º–µ–Ω—Ç–Ω–æ–≥–æ
 0007  8E D8			          mov   DS,AX     ; —Ä–µ–≥–∏—Å—Ç—Ä–∞ –¥
				–∞–Ω–Ω—ã—Ö.
				          
				          ;–≤—ã—á–∏—Å–ª–µ–Ω–∏–µ —Ñ—É–Ω–∫—Ü–∏–π
 0009  8B 0E 0004 R		          mov cx, i
 000D  D1 E1			          shl cx, 1
 000F  03 0E 0004 R		          add cx, i
 0013  8B C1			          mov ax, cx     ; ax = 3i
 0015  8B 0E 0002 R		          mov cx, b 
 0019  39 0E 0000 R		          cmp a, cx       ; —Å—Ä–∞–≤–Ω–∏–≤–∞–µ–
				º –∑–Ω–∞—á–µ–Ω–∏—è a –∏ b
 001D  7E 1B			          jle LessEqual     ; –µ—Å–ª–∏ a <= b, 
				—Ç–æ —Ç–æ–≥–¥–∞ –ø–µ—Ä–µ—Ö–æ–¥–∏–º –∫ f4second
 001F  B9 0004			              mov cx, 4     ; –≤—ã—á–∏—Å–ª–µ–Ω–
				∏–µ f4
 0022  2B C8			              sub cx, ax
 0024  2B C8			              sub cx, ax
 0026  89 0E 0008 R		              mov i1, cx
Microsoft (R) Macro Assembler Version 5.10                  11/7/21 13:09:44
                                                             Page     1-2


 002A  B9 0005			              mov cx, 5     ; –≤—ã—á–∏—Å–ª–µ–Ω–
				∏–µ f7
 002D  2B C8			              sub cx, ax
 002F  2B 0E 0004 R		              sub cx, i
 0033  89 0E 000A R		              mov i2, cx
 0037  EB 13 90			              jmp F2
 003A				          LessEqual:  
 003A  B9 0006			              mov cx, 6     ; –≤—ã—á–∏—Å–ª–µ–Ω–
				∏–µ f4
 003D  03 C8			              add cx, ax
 003F  89 0E 0008 R		              mov i1, cx
 0043  B9 000A			              mov cx, 10    ; –≤—ã—á–∏—Å–ª–µ–Ω–
				∏–µ f7
 0046  2B C8			              sub cx, ax
 0048  89 0E 000A R		              mov i2, cx
				
 004C				          F2:    ; —Ä–∞—Å—Å—á–µ—Ç f2 , cx = i2
 004C  F7 D9			          neg cx
 004E  83 3E 0006 R 00		          cmp k, 0
 0053  7D 10			          jge GreaterEqual
 0055  83 C1 0A			              add cx, 10
 0058  39 0E 0008 R		              cmp i1, cx
 005C  7C 15			              jl MainExit  
 005E  8B 0E 0008 R		              mov cx, i1    ; |i1| >= 10-i2
 0062  EB 0F 90				          jmp MainExit
 0065				          GreaterEqual:
 0065  03 0E 0008 R		              add cx, i1
 0069  83 F9 00			              cmp cx, 0
 006C  7D 05			              jge MainExit
 006E  F7 D9				          neg cx
 0070  EB 01 90				          jmp MainExit
 0073				          MainExit:    ; –≤ cx –ª–µ–∂–∏—Ç –∑–Ω–
				∞—á–µ–Ω–∏–µ —Ñ—É–Ω–∫—Ü–∏–∏ f2
 0073  CB			              ret      ; –í—ã—Ö–æ–¥ –≤ DOS –ø–æ
				 –∫–æ–º–∞–Ω–¥–µ, –Ω–∞—Ö–æ–¥—è—â–µ–π—Å—è –≤ 1-–æ
				–º —Å–ª–æ–≤–µ PSP.
				
 0074				Main      ENDP
 0074				CODE      ENDS
				          END Main
Microsoft (R) Macro Assembler Version 5.10                  11/7/21 13:09:44
                                                             Symbols-1


Segments and Groups:

                N a m e         	Length	 Align	Combine Class

ASTACK . . . . . . . . . . . . .  	0018	PARA	STACK	
CODE . . . . . . . . . . . . . .  	0074	PARA	NONE	
DATA . . . . . . . . . . . . . .  	000C	PARA	NONE	

Symbols:            

                N a m e         	Type	 Value	 Attr

A  . . . . . . . . . . . . . . .  	L WORD	0000	DATA

B  . . . . . . . . . . . . . . .  	L WORD	0002	DATA

F2 . . . . . . . . . . . . . . .  	L NEAR	004C	CODE

GREATEREQUAL . . . . . . . . . .  	L NEAR	0065	CODE

I  . . . . . . . . . . . . . . .  	L WORD	0004	DATA
I1 . . . . . . . . . . . . . . .  	L WORD	0008	DATA
I2 . . . . . . . . . . . . . . .  	L WORD	000A	DATA

K  . . . . . . . . . . . . . . .  	L WORD	0006	DATA

LESSEQUAL  . . . . . . . . . . .  	L NEAR	003A	CODE

MAIN . . . . . . . . . . . . . .  	F PROC	0000	CODE	Length = 0074
MAINEXIT . . . . . . . . . . . .  	L NEAR	0073	CODE

@CPU . . . . . . . . . . . . . .  	TEXT  0101h		
@FILENAME  . . . . . . . . . . .  	TEXT  lab3		
@VERSION . . . . . . . . . . . .  	TEXT  510		


     75 Source  Lines
     75 Total   Lines
     19 Symbols

  48056 + 459204 Bytes symbol space free

      0 Warning Errors
      0 Severe  Errors
