Microsoft (R) Macro Assembler Version 5.10                  12/2/21 12:28:07
                                                             Page     1-1


				ASSUME CS:CODE, DS:DATA, SS:STACK
				
 0000				STACK    SEGMENT  STACK
 0000  0400[			          DW 1024 DUP(?)
	   ????			
			 ]	
				
 0800				STACK    ENDS
				
 0000				DATA SEGMENT
 0000  0000			        KEEP_CS DW 0 ; –¥–ª—è —Ö—Ä–∞–Ω–µ–Ω–∏—è 
				—Å–µ–≥–º–µ–Ω—Ç–∞
 0002  0000			        KEEP_IP DW 0 ; –∏ —Å–º–µ—â–µ–Ω–∏—è –≤–µ
				–∫—Ç–æ—Ä–∞ –ø—Ä–µ—Ä—ã–≤–∞–Ω–∏—è
 0004  0000					NUM DW 0
 0006  0002[					MESSAGE DB 2 DUP(?)
	   ??			
			 ]	
				
				
 0008				DATA ENDS
				
				
 0000				CODE      SEGMENT
				
 0000				OutInt PROC
 0000  52				push DX
 0001  51				push CX
				
 0002  33 C9			    xor     cx, cx ; cx - –∫–æ–ª–∏—á–µ—Å—Ç–≤–æ 
				—Ü–∏—Ñ—Ä
 0004  BB 000A			    mov     bx, 10 ; –æ—Å–Ω–æ–≤–∞–Ω–∏–µ —Å—Å. 1
				0 –¥–ª—è –¥–µ—Å—è—Ç–µ—Ä–∏—á–Ω–æ–π –∏ —Ç.–ø.
 0007				oi2:
 0007  33 D2			    xor     dx,dx
 0009  F7 F3			    div     bx ; –¥–µ–ª–∏–º —á–∏—Å–ª–æ –Ω–∞ –æ—
				Å–Ω–æ–≤–∞–Ω–∏–µ —Å—Å –∏ —Å–æ—Ö—Ä–∞–Ω—è–µ–º –æ—Å
				—Ç–∞—Ç–æ–∫ –≤ —Å—Ç–µ–∫–µ
 000B  52			    push    dx
 000C  41			    inc     cx; —É–≤–µ–ª–∏—á–∏–≤–∞–µ–º –∫–æ–ª–∏
				—á–µ—Å–≤—Ç–æ —Ü–∏—Ñ—Ä –≤ cx
					
 000D  85 C0			    test    ax, ax ; –ø—Ä–æ–≤–µ—Ä–∫–∞ –Ω–∞ 0
 000F  75 F6			    jnz     oi2
				; –í—ã–≤–æ–¥
 0011  B4 02			    mov     ah, 02h
 0013				oi3:
 0013  5A			    pop     dx
 0014  80 C2 30			    add     dl, '0' ; –ø–µ—Ä–µ–≤–æ–¥ —Ü–∏—Ñ—Ä—ã
				 –≤ —Å–∏–º–≤–æ–ª
 0017  CD 21			    int     21h
				; –ü–æ–≤—Ç–æ—Ä–∏–º —Ä–æ–≤–Ω–æ —Å—Ç–æ–ª—å–∫–æ —Ä
				–∞–∑, —Å–∫–æ–ª—å–∫–æ —Ü–∏—Ñ—Ä –Ω–∞—Å—á–∏—Ç–∞–ª–
				∏.
Microsoft (R) Macro Assembler Version 5.10                  12/2/21 12:28:07
                                                             Page     1-2


 0019  E2 F8			    loop    oi3 ; –ø–æ–∫–∞ cx –Ω–µ 0 –≤—ã–ø–æ–ª
				–Ω—è–µ—Ç—Å—è –ø–µ—Ä–µ—Ö–æ–¥
				    
 001B  59				POP CX
 001C  5A				POP DX
 001D  C3			    ret
				 
 001E				OutInt endp
				
				
 001E				SUBR_INT PROC FAR
 001E  EB 2D 90			        JMP start_proc
						
 0021  0000					save_SP DW 0000h
 0023  0000					save_SS DW 0000h
 0025  0028[					INT_STACK DB 40 DUP(0)
	   00			
			 ]	
				
 004D				start_proc:
				
 004D  2E: 89 26 0021 R		    MOV save_SP, SP
 0052  2E: 8C 16 0023 R			MOV save_SS, SS
 0057  BC ---- R			MOV SP, SEG INT_STACK
 005A  8E D4				MOV SS, SP
 005C  BC 004D R			MOV SP, offset start_proc
 005F  50				PUSH AX    ; —Å–æ—Ö—Ä–∞–Ω–µ–Ω–∏–µ –∏–∑–
				º–µ–Ω—è–µ–º—ã—Ö —Ä–µ–≥–∏—Å—Ç—Ä–æ–≤
 0060  51				PUSH CX
 0061  52				PUSH DX
					
 0062  B4 00				mov AH, 00H
 0064  CD 1A				int 1AH
					
 0066  8B C1				mov AX, CX
 0068  E8 0000 R			call OutInt
 006B  8B C2				mov AX, DX
 006D  E8 0000 R			call OutInt
					
 0070  5A				POP  DX
 0071  59				POP  CX
 0072  58				POP  AX   ; –≤–æ—Å—Å—Ç–∞–Ω–æ–≤–ª–µ–Ω–∏–
				µ —Ä–µ–≥–∏—Å—Ç—Ä–æ–≤
 0073  2E: 8E 16 0023 R			MOV  SS, save_SS
 0078  2E: 8B 26 0021 R			MOV  SP, save_SP
 007D  B0 20				MOV  AL, 20H
					
 007F  E6 20				OUT  20H,AL
				       
 0081  CF				iret
					
 0082				SUBR_INT ENDP
				
				
Microsoft (R) Macro Assembler Version 5.10                  12/2/21 12:28:07
                                                             Page     1-3


 0082				Main	PROC  FAR
 0082  1E				push  DS       ;\  –°–æ—Ö—Ä–∞–Ω–µ–Ω–∏–µ
				 –∞–¥—Ä–µ—Å–∞ –Ω–∞—á–∞–ª–∞ PSP –≤ —Å—Ç–µ–∫–µ
 0083  2B C0				sub   AX,AX    ; > –¥–ª—è –ø–æ—Å–ª–µ–¥—
				É—é—â–µ–≥–æ –≤–æ—Å—Å—Ç–∞–Ω–æ–≤–ª–µ–Ω–∏—è –ø–æ
 0085  50				push  AX       ;/  –∫–æ–º–∞–Ω–¥–µ ret, 
				–∑–∞–≤–µ—Ä—à–∞—é—â–µ–π –ø—Ä–æ—Ü–µ–¥—É—Ä—É.
 0086  B8 ---- R			mov   AX,DATA             ; –ó–∞–≥—Ä—É–
				∑–∫–∞ —Å–µ–≥–º–µ–Ω—Ç–Ω–æ–≥–æ
 0089  8E D8				mov   DS,AX   
				
				
					; –ó–∞–ø–æ–º–∏–Ω–∞–Ω–∏–µ —Ç–µ–∫—É—â–µ–≥
				–æ –≤–µ–∫—Ç–æ—Ä–∞ –ø—Ä–µ—Ä—ã–≤–∞–Ω–∏—è
 008B  B4 35				MOV  AH, 35H   ; —Ñ—É–Ω–∫—Ü–∏—è –ø–æ–ª—
				É—á–µ–Ω–∏—è –≤–µ–∫—Ç–æ—Ä–∞
 008D  B0 08				MOV  AL, 08H   ; –Ω–æ–º–µ—Ä –≤–µ–∫—Ç–æ—
				Ä–∞
 008F  CD 21				INT  21H
 0091  89 1E 0002 R			MOV  KEEP_IP, BX  ; –∑–∞–ø–æ–º–∏–Ω–∞–Ω–
				∏–µ —Å–º–µ—â–µ–Ω–∏—è
 0095  8C 06 0000 R			MOV  KEEP_CS, ES  ; –∏ —Å–µ–≥–º–µ–Ω—Ç–∞
					
					; –£—Å—Ç–∞–Ω–æ–≤–∫–∞ –≤–µ–∫—Ç–æ—Ä–∞ –ø—
				Ä–µ—Ä—ã–≤–∞–Ω–∏—è
 0099  1E				PUSH DS
 009A  BA 001E R			MOV  DX, OFFSET SUBR_INT ; —Å–º–µ—â–µ–Ω
				–∏–µ –¥–ª—è –ø—Ä–æ—Ü–µ–¥—É—Ä—ã –≤ DX
 009D  B8 ---- R			MOV  AX, SEG SUBR_INT    ; —Å–µ–≥–º–µ–Ω
				—Ç –ø—Ä–æ—Ü–µ–¥—É—Ä—ã
 00A0  8E D8				MOV  DS, AX          ; –ø–æ–º–µ—â–∞–µ–º
				 –≤ DS
 00A2  B4 25				MOV  AH, 25H         ; —Ñ—É–Ω–∫—Ü–∏—è —
				É—Å—Ç–∞–Ω–æ–≤–∫–∏ –≤–µ–∫—Ç–æ—Ä–∞
 00A4  B0 08				MOV  AL, 08H         ; –Ω–æ–º–µ—Ä –≤–µ–
				∫—Ç–æ—Ä–∞
 00A6  CD 21				INT  21H             ; –º–µ–Ω—è–µ–º –ø—
				Ä–µ—Ä—ã–≤–∞–Ω–∏–µ
 00A8  1F				POP  DS
				
 00A9  CD 08				int 08H; –Ω–∞ –≤—Å—è–∫–∏–π –≤—ã–≤–æ–¥ –
				≤ –∫–æ–Ω—Å–æ–ª—å –æ—Ç–¥–µ–ª—å–Ω–æ –æ—Ç –æ—Ç–ª–∞
				–¥—á–∏–∫–∞
				
					; –í–æ—Å—Å—Ç–∞–Ω–æ–≤–ª–µ–Ω–∏–µ –∏–∑–Ω–∞
				—á–∞–ª—å–Ω–æ–≥–æ –≤–µ–∫—Ç–æ—Ä–∞ –ø—Ä–µ—Ä—ã–≤–∞–
				Ω–∏—è (–º–æ–∂–Ω–æ –∑–∞–∫–æ–º–º–µ–Ω—Ç–∏—Ç—å)
 00AB  FA				CLI
 00AC  1E				PUSH DS
 00AD  8B 16 0002 R			MOV  DX, KEEP_IP
 00B1  A1 0000 R			MOV  AX, KEEP_CS
 00B4  8E D8				MOV  DS, AX
 00B6  B4 25				MOV  AH, 25H
 00B8  B0 08				MOV  AL, 08H
Microsoft (R) Macro Assembler Version 5.10                  12/2/21 12:28:07
                                                             Page     1-4


 00BA  CD 21				INT  21H          ; –≤–æ—Å—Å—Ç–∞–Ω–∞–≤–
				ª–∏–≤–∞–µ–º –≤–µ–∫—Ç–æ—Ä
 00BC  1F				POP  DS
 00BD  FB				STI
					
 00BE  B4 4C				MOV AH, 4Ch                          
 00C0  CD 21				INT 21h
 00C2				Main      ENDP
 00C2				CODE ENDS
					END Main 
Microsoft (R) Macro Assembler Version 5.10                  12/2/21 12:28:07
                                                             Symbols-1


Segments and Groups:

                N a m e         	Length	 Align	Combine Class

CODE . . . . . . . . . . . . . .  	00C2	PARA	NONE	
DATA . . . . . . . . . . . . . .  	0008	PARA	NONE	
STACK  . . . . . . . . . . . . .  	0800	PARA	STACK	

Symbols:            

                N a m e         	Type	 Value	 Attr

INT_STACK  . . . . . . . . . . .  	L BYTE	0025	CODE	Length = 0028

KEEP_CS  . . . . . . . . . . . .  	L WORD	0000	DATA
KEEP_IP  . . . . . . . . . . . .  	L WORD	0002	DATA

MAIN . . . . . . . . . . . . . .  	F PROC	0082	CODE	Length = 0040
MESSAGE  . . . . . . . . . . . .  	L BYTE	0006	DATA	Length = 0002

NUM  . . . . . . . . . . . . . .  	L WORD	0004	DATA

OI2  . . . . . . . . . . . . . .  	L NEAR	0007	CODE
OI3  . . . . . . . . . . . . . .  	L NEAR	0013	CODE
OUTINT . . . . . . . . . . . . .  	N PROC	0000	CODE	Length = 001E

SAVE_SP  . . . . . . . . . . . .  	L WORD	0021	CODE
SAVE_SS  . . . . . . . . . . . .  	L WORD	0023	CODE
START_PROC . . . . . . . . . . .  	L NEAR	004D	CODE
SUBR_INT . . . . . . . . . . . .  	F PROC	001E	CODE	Length = 0064

@CPU . . . . . . . . . . . . . .  	TEXT  0101h		
@FILENAME  . . . . . . . . . . .  	TEXT  main		
@VERSION . . . . . . . . . . . .  	TEXT  510		


    130 Source  Lines
    130 Total   Lines
     21 Symbols

  48020 + 457190 Bytes symbol space free

      0 Warning Errors
      0 Severe  Errors
