Microsoft (R) Macro Assembler Version 5.10                  12/8/21 22:23:25
                                                             Page     1-1


 0000				DATA SEGMENT
 0000  0000			        KEEP_CS DW 0 ; –¥–ª—è —Ö—Ä–∞–Ω–µ–Ω–∏—è 
				—Å–µ–≥–º–µ–Ω—Ç–∞
 0002  0000			        KEEP_IP DW 0 ; –∏ —Å–º–µ—â–µ–Ω–∏—è –≤–µ
				–∫—Ç–æ—Ä–∞ –ø—Ä–µ—Ä—ã–≤–∞–Ω–∏—è
 0004  0000					TMP1 DW 0
 0006  0000					TMP2 DW 0
 0008  0000					TMP3 DW 0
 000A  48 65 6C 6C 6F 20	        HELLO   DB 'Hello World!',10,13,'$'
       57 6F 72 6C 64 21	
       0A 0D 24			
 0019  45 6E 64 21 0A 0D			MESEND   DB 'End!',10,13,'$'
       24			
				
 0020				DATA ENDS
				
				
 0000				AStack    SEGMENT  STACK
 0000  000C[			          DW 12 DUP(?)
	   ????			
			 ]	
				
 0018				AStack    ENDS
				
				
				
 0000				CODE      SEGMENT
				          ASSUME CS:Code, DS:DATA, SS:AStack
				
 0000				SUBR_INT PROC FAR
 0000  EB 43 90			        jmp start_proc
				
 0003  0000			        ST_SS DW 0000
 0005  0000			        ST_AX DW 0000
 0007  0000			        ST_SP DW 0000
 0009  001E[			        IStack DW 30 DUP(?)
	   ????			
			 ]	
				
 0045				start_proc:
				
 0045  2E: 89 26 0007 R		    mov ST_SP, SP
 004A  2E: A3 0005 R			mov ST_AX, AX
 004E  8C D0				mov AX, SS
 0050  2E: A3 0003 R			mov ST_SS, AX
 0054  2E: A1 0009 R			mov AX, IStack
 0058  8E D0				mov SS, AX
 005A  2E: A1 0005 R			mov AX, ST_AX
 005E  50				push ax
 005F  1E				push ds
					
 0060  BA 000A R			MOV   DX, OFFSET HELLO
 0063  B4 09				MOV   AH,9
 0065					metka:
Microsoft (R) Macro Assembler Version 5.10                  12/8/21 22:23:25
                                                             Page     1-2


 0065  CD 21				int   21h  ; –í—ã–∑–æ–≤ —Ñ—É–Ω–∫—Ü–∏–∏ 
				DOS –ø–æ –ø—Ä–µ—Ä—ã–≤–∞–Ω–∏—é
 0067  E2 FC				loop metka ; –í—ã–≤–æ–¥ —Å–æ–æ–±—â–µ–Ω–
				∏—è –∑–∞–¥–∞–Ω–Ω–æ–µ —á–∏—Å–ª–æ —Ä–∞–∑
				
 0069  BF 0020				mov di,32
 006C  B4 00				mov ah,0
 006E  CD 1A				int 1Ah
 0070  8B DA				mov bx,dx; —Å—á–µ—Ç—á–∏–∫ —Å –º–æ–º–µ–Ω
				—Ç–∞ —Å–±—Ä–æ—Å–∞
 0072				Delay:
 0072  B4 00				mov ah,0
 0074  CD 1A				int 1Ah
 0076  2B D3				sub dx,bx
 0078  3B FA				cmp di,dx
 007A  77 F6				ja Delay;–ø–µ—Ä–µ—Ö–æ–¥,–µ—Å–ª–∏ –±–æ–ª
				—å—à–µ
					
 007C  BA 0019 R			MOV DX, OFFSET MESEND ;–í—ã–≤–æ–¥—Å–æ–æ
				–±—â–µ–Ω–∏—è–æ–∑–∞–≤–µ—Ä—à–µ–Ω–∏–∏ –æ–±—Ä–∞–±–æ
				—Ç—á–∏–∫–∞
 007F  B4 09				MOV AH,9
 0081  CD 21				int 21h
 0083  5A				pop dx
 0084  58			    pop ax
 0085  2E: A3 0005 R			mov ST_AX,AX
 0089  2E: A1 0003 R			mov AX,ST_SS
 008D  8E D0				mov SS,AX
 008F  2E: 8B 26 0007 R			mov SP,ST_SP
 0094  2E: A1 0005 R			mov AX,ST_AX
 0098  B0 20				mov al,20h
 009A  E6 20				out 20h,al
				       
 009C  CF				iret
 009D				SUBR_INT ENDP
				
				
 009D				Main      PROC  FAR
				
 009D  1E			        push  DS       ;\  –°–æ—Ö—Ä–∞–Ω–µ–Ω–∏–µ
				 –∞–¥—Ä–µ—Å–∞ –Ω–∞—á–∞–ª–∞ PSP –≤ —Å—Ç–µ–∫–µ
 009E  2B C0			        sub   AX,AX    ; > –¥–ª—è –ø–æ—Å–ª–µ–¥—
				É—é—â–µ–≥–æ –≤–æ—Å—Å—Ç–∞–Ω–æ–≤–ª–µ–Ω–∏—è –ø–æ
 00A0  50			        push  AX       ;/  –∫–æ–º–∞–Ω–¥–µ ret, 
				–∑–∞–≤–µ—Ä—à–∞—é—â–µ–π –ø—Ä–æ—Ü–µ–¥—É—Ä—É.
 00A1  B8 ---- R		        mov   AX,DATA             ; –ó–∞–≥—Ä—É–
				∑–∫–∞ —Å–µ–≥–º–µ–Ω—Ç–Ω–æ–≥–æ
 00A4  8E D8			        mov   DS,AX               ; —Ä–µ–≥–∏—Å—
				Ç—Ä–∞ –¥–∞–Ω–Ω—ã—Ö.
				
 00A6  B4 35			        MOV AH, 35H ; —Ñ—É–Ω–∫—Ü–∏—è –ø–æ–ª—É—á
				–µ–Ω–∏—è –≤–µ–∫—Ç–æ—Ä–∞
 00A8  B0 60			        MOV AL, 60H ; –Ω–æ–º–µ—Ä –≤–µ–∫—Ç–æ—Ä–∞
 00AA  CD 21			        INT 21H ; –≤–æ–∑–≤—Ä–∞—â–∞–µ—Ç —Ç–µ–∫—É
Microsoft (R) Macro Assembler Version 5.10                  12/8/21 22:23:25
                                                             Page     1-3


				—â–µ–µ –∑–Ω–∞—á–µ–Ω–∏–µ –≤–µ–∫—Ç–æ—Ä–∞ –ø—Ä–µ—Ä
				—ã–≤–∞–Ω–∏—è
 00AC  89 1E 0002 R		        MOV KEEP_IP, BX ; –∑–∞–ø–æ–º–∏–Ω–∞–Ω–∏–
				µ —Å–º–µ—â–µ–Ω–∏—è
 00B0  8C 06 0000 R		        MOV KEEP_CS, ES ; –∏ —Å–µ–≥–º–µ–Ω—Ç–∞ –
				≤–µ–∫—Ç–æ—Ä–∞ –ø—Ä–µ—Ä—ã–≤–∞–Ω–∏—è
				
 00B4  1E			        PUSH DS
 00B5  BA 0000 R		        MOV DX, OFFSET SUBR_INT ; —Å–º–µ—â–µ–Ω–
				∏–µ –¥–ª—è –ø—Ä–æ—Ü–µ–¥—É—Ä—ã –≤ DX
 00B8  B8 ---- R		        MOV AX, SEG SUBR_INT ; —Å–µ–≥–º–µ–Ω—Ç –
				ø—Ä–æ—Ü–µ–¥—É—Ä—ã
 00BB  8E D8			        MOV DS, AX ; –ø–æ–º–µ—â–∞–µ–º –≤ DS
 00BD  B4 25			        MOV AH, 25H ; —Ñ—É–Ω–∫—Ü–∏—è —É—Å—Ç–∞–Ω
				–æ–≤–∫–∏ –≤–µ–∫—Ç–æ—Ä–∞
 00BF  B0 60			        MOV AL, 60H ; –Ω–æ–º–µ—Ä –≤–µ–∫—Ç–æ—Ä–∞
 00C1  CD 21			        INT 21H ; –º–µ–Ω—è–µ–º –ø—Ä–µ—Ä—ã–≤–∞–Ω
				–∏–µ
 00C3  1F			        POP DS
						
 00C4  B9 000A					mov cx, 10
 00C7  CD 60			        int 60H; –≤—ã–∑–æ–≤ –∏–∑–º–µ–Ω–µ–Ω–Ω–æ–
				≥–æ –ø—Ä–µ—Ä—ã–≤–∞–Ω–∏—è
				
 00C9  FA			        CLI
 00CA  1E			        PUSH DS
 00CB  8B 16 0002 R		        MOV DX, KEEP_IP
 00CF  A1 0000 R		        MOV AX, KEEP_CS
 00D2  8E D8			        MOV DS, AX
 00D4  B4 25			        MOV AH, 25H
 00D6  B0 60			        MOV AL, 60H
 00D8  CD 21			        INT 21H ; –≤–æ—Å—Å—Ç–∞–Ω–∞–≤–ª–∏–≤–∞–µ–
				º —Å—Ç–∞—Ä—ã–π –≤–µ–∫—Ç–æ—Ä –ø—Ä–µ—Ä—ã–≤–∞–Ω–∏—
				è
 00DA  1F			        POP DS
 00DB  FB			        STI		
				
 00DC  CB			        RET
 00DD				Main      ENDP
 00DD				CODE      ENDS
				          END Main 
Microsoft (R) Macro Assembler Version 5.10                  12/8/21 22:23:25
                                                             Symbols-1


Segments and Groups:

                N a m e         	Length	 Align	Combine Class

ASTACK . . . . . . . . . . . . .  	0018	PARA	STACK	
CODE . . . . . . . . . . . . . .  	00DD	PARA	NONE	
DATA . . . . . . . . . . . . . .  	0020	PARA	NONE	

Symbols:            

                N a m e         	Type	 Value	 Attr

DELAY  . . . . . . . . . . . . .  	L NEAR	0072	CODE

HELLO  . . . . . . . . . . . . .  	L BYTE	000A	DATA

ISTACK . . . . . . . . . . . . .  	L WORD	0009	CODE	Length = 001E

KEEP_CS  . . . . . . . . . . . .  	L WORD	0000	DATA
KEEP_IP  . . . . . . . . . . . .  	L WORD	0002	DATA

MAIN . . . . . . . . . . . . . .  	F PROC	009D	CODE	Length = 0040
MESEND . . . . . . . . . . . . .  	L BYTE	0019	DATA
METKA  . . . . . . . . . . . . .  	L NEAR	0065	CODE

START_PROC . . . . . . . . . . .  	L NEAR	0045	CODE
ST_AX  . . . . . . . . . . . . .  	L WORD	0005	CODE
ST_SP  . . . . . . . . . . . . .  	L WORD	0007	CODE
ST_SS  . . . . . . . . . . . . .  	L WORD	0003	CODE
SUBR_INT . . . . . . . . . . . .  	F PROC	0000	CODE	Length = 009D

TMP1 . . . . . . . . . . . . . .  	L WORD	0004	DATA
TMP2 . . . . . . . . . . . . . .  	L WORD	0006	DATA
TMP3 . . . . . . . . . . . . . .  	L WORD	0008	DATA

@CPU . . . . . . . . . . . . . .  	TEXT  0101h		
@FILENAME  . . . . . . . . . . .  	TEXT  lab5		
@VERSION . . . . . . . . . . . .  	TEXT  510		


    115 Source  Lines
    115 Total   Lines
     24 Symbols

  48014 + 459246 Bytes symbol space free

      0 Warning Errors
      0 Severe  Errors
