Microsoft (R) Macro Assembler Version 5.10                  9/15/21 07:51:36
                                                             Page     1-1


				
				; HELLO1.ASM -  —É–ø—Ä–æ—â–µ–Ω–Ω–∞—è –≤–µ—Ä—Å–∏
				—è —É—á–µ–±–Ω–æ–π –ø—Ä–æ–≥—Ä–∞–º–º—ã –ª–∞–±.—Ä–
				∞–±. N1
				;               –ø–æ –¥–∏—Å—Ü–∏–ø–ª–∏–Ω–µ "–ê—Ä
				—Ö–∏—Ç–µ–∫—Ç—É—Ä–∞ –∫–æ–º–ø—å—é—Ç–µ—Ä–∞"
				; *********************************************
				********************
				; –ù–∞–∑–Ω–∞—á–µ–Ω–∏–µ: –ü—Ä–æ–≥—Ä–∞–º–º–∞ —Ñ–æ
				—Ä–º–∏—Ä—É–µ—Ç –∏ –≤—ã–≤–æ–¥–∏—Ç –Ω–∞ —ç–∫—Ä–∞–
				Ω –ø—Ä–∏–≤–µ—Ç—Å—Ç–≤–∏–µ
				;             –ø–æ–ª—å–∑–æ–≤–∞—Ç–µ–ª—è —Å –ø–æ–
				º–æ—â—å—é —Ñ—É–Ω–∫—Ü–∏–∏ –î–û–° "–í—ã–≤–æ–¥ —Å—
				Ç—Ä–æ–∫–∏"
				;             (–Ω–æ–º–µ—Ä 09 –ø—Ä–µ—Ä—ã–≤–∞–Ω–∏
				–µ 21h), –∫–æ—Ç–æ—Ä–∞—è:
				;              - –æ–±–µ—Å–ø–µ—á–∏–≤–∞–µ—Ç –≤—ã–
				≤–æ–¥ –Ω–∞ —ç–∫—Ä–∞–Ω —Å—Ç—Ä–æ–∫–∏ —Å–∏–º–≤–æ–ª
				–æ–≤,
				;                –∑–∞–∫–∞–Ω—á–∏–≤–∞—é—â–µ–π—Å—è
				 –∑–Ω–∞–∫–æ–º "$";
				;              - —Ç—Ä–µ–±—É–µ—Ç –∑–∞–¥–∞–Ω–∏—è 
				–≤ —Ä–µ–≥–∏—Å—Ç—Ä–µ ah –Ω–æ–º–µ—Ä–∞ —Ñ—É–Ω–∫—Ü–
				∏–∏=09h,
				;                –∞ –≤ —Ä–µ–≥–∏—Å—Ç—Ä–µ dx -  —
				Å–º–µ—â–µ–Ω–∏—è  –∞–¥—Ä–µ—Å–∞  –≤—ã–≤–æ–¥–∏–º–æ
				–π
				;                —Å—Ç—Ä–æ–∫–∏;
				;              - –∏—Å–ø–æ–ª—å–∑—É–µ—Ç —Ä–µ–≥–∏—
				Å—Ç—Ä  ax  –∏  –Ω–µ —Å–æ—Ö—Ä–∞–Ω—è–µ—Ç –µ–≥–æ
				;                —Å–æ–¥–µ—Ä–∂–∏–º–æ–µ.
				; *********************************************
				*********************
				
				   DOSSEG                                      
				; –ó–∞–¥–∞–Ω–∏–µ —Å–µ–≥–º–µ–Ω—Ç–æ–≤ –ø–æ–¥ –î–û
				–°
				   .MODEL  SMALL                               
				; –ú–æ–¥–µ–ª—å –ø–∞–º—è—Ç–∏-SMALL(–ú–∞–ª–∞—è)
				   .STACK  100h                                
				; –û—Ç–≤–µ—Å—Ç–∏ –ø–æ–¥ –°—Ç–µ–∫ 256 –±–∞–π—Ç
				   .DATA                                       
				; –ù–∞—á–∞–ª–æ —Å–µ–≥–º–µ–Ω—Ç–∞ –¥–∞–Ω–Ω—ã—Ö
 0000				Greeting  LABEL  BYTE                          
				; –¢–µ–∫—Å—Ç  –ø—Ä–∏–≤–µ—Ç—Å—Ç–≤–∏—è
 0000  59 6F 75 60 72 65	   DB 'You`re welcomed by the student of the 03
				83 group - Petrovskaya E.S.',13,10,'$'
       20 77 65 6C 63 6F	
       6D 65 64 20 62 79	
       20 74 68 65 20 73	
       74 75 64 65 6E 74	
       20 6F 66 20 74 68	
       65 20 30 33 38 33	
       20 67 72 6F 75 70	
Microsoft (R) Macro Assembler Version 5.10                  9/15/21 07:51:36
                                                             Page     1-2


       20 2D 20 50 65 74	
       72 6F 76 73 6B 61	
       79 61 20 45 2E 53	
       2E 0D 0A 24		
				   .CODE                                ; –ù–∞—
				á–∞–ª–æ —Å–µ–≥–º–µ–Ω—Ç–∞ –∫–æ–¥–∞
 0000  B8 ---- R		   mov  ax, @data                        ; –ó–∞
				–≥—Ä—É–∑–∫–∞ –≤ DS –∞–¥—Ä–µ—Å–∞ –Ω–∞—á–∞–ª–∞
 0003  8E D8			   mov  ds, ax                           ; —Å–µ
				–≥–º–µ–Ω—Ç–∞ –¥–∞–Ω–Ω—ã—Ö
 0005  BA 0000 R		   mov  dx, OFFSET Greeting              ; –ó–∞
				–≥—Ä—É–∑–∫–∞ –≤ dx —Å–º–µ—â–µ–Ω–∏—è
				                                        ; –∞–¥—
				Ä–µ—Å–∞ —Ç–µ–∫—Å—Ç–∞ –ø—Ä–∏–≤–µ—Ç—Å—Ç–≤–∏—è
 0008				DisplayGreeting:
 0008  B4 09			   mov  ah, 9                            ; # —Ñ
				—É–Ω–∫—Ü–∏–∏ –î–û–° –ø–µ—á–∞—Ç–∏ —Å—Ç—Ä–æ–∫–∏
 000A  CD 21			   int  21h                             ; –≤—ã–
				≤–æ–¥ –Ω–∞ —ç–∫—Ä–∞–Ω  –ø—Ä–∏–≤–µ—Ç—Å—Ç–≤–∏—è
 000C  B4 4C			   mov  ah, 4ch                          ; # —Ñ
				—É–Ω–∫—Ü–∏–∏ –î–û–° –∑–∞–≤–µ—Ä—à–µ–Ω–∏—è –ø—Ä–æ
				–≥—Ä–∞–º–º—ã
 000E  CD 21			   int  21h                             ; –∑–∞–
				≤–µ—Ä—à–µ–Ω–∏–µ –ø—Ä–æ–≥—Ä–∞–º–º—ã –∏ –≤—ã—Ö–æ–
				¥ –≤ –î–û–°
				   END
Microsoft (R) Macro Assembler Version 5.10                  9/15/21 07:51:36
                                                             Symbols-1


Segments and Groups:

                N a m e         	Length	 Align	Combine Class

DGROUP . . . . . . . . . . . . .  	GROUP
  _DATA  . . . . . . . . . . . .  	0046	WORD	PUBLIC	'DATA'
  STACK  . . . . . . . . . . . .  	0100	PARA	STACK	'STACK'
_TEXT  . . . . . . . . . . . . .  	0010	WORD	PUBLIC	'CODE'

Symbols:            

                N a m e         	Type	 Value	 Attr

DISPLAYGREETING  . . . . . . . .  	L NEAR	0008	_TEXT

GREETING . . . . . . . . . . . .  	L BYTE	0000	_DATA

@CODE  . . . . . . . . . . . . .  	TEXT  _TEXT		
@CODESIZE  . . . . . . . . . . .  	TEXT  0		
@CPU . . . . . . . . . . . . . .  	TEXT  0101h		
@DATASIZE  . . . . . . . . . . .  	TEXT  0		
@FILENAME  . . . . . . . . . . .  	TEXT  hello1		
@VERSION . . . . . . . . . . . .  	TEXT  510		


     33 Source  Lines
     33 Total   Lines
     19 Symbols

  47994 + 459266 Bytes symbol space free

      0 Warning Errors
      0 Severe  Errors
