Microsoft (R) Macro Assembler Version 5.10                  11/24/21 25:06:4
                                                             Page     1-1


				; Стек  программы
 0000				AStack SEGMENT  STACK
 0000  000C[			    DW 12 DUP(?)
	   ????			
			 ]	
				
 0018				AStack  ENDS
				;Данные программы
 0000				DATA      SEGMENT
				;Директивы описания данных
 0000  0001			a      DW    1
 0002  0002			b      DW    2
 0004  0003			i      DW    3
 0006  0004			k      DW    4
 0008  0000			i1     DW    0
 000A  0000			i2     DW    0
 000C  0000			temp   DW	 0
				
 000E				DATA      ENDS
				
				; Код программы
 0000				CODE      SEGMENT
				      ASSUME CS:CODE, DS:DATA, SS:AStack
					  
				; Головная процедура
 0000				Main      PROC  FAR
 0000  1E			      push  DS
 0001  2B C0			      sub   AX,AX
 0003  50			      push  AX
 0004  B8 ---- R		      mov   AX,DATA
 0007  8E D8			      mov   DS,AX
 0009  B9 0000				  mov   CX, 0
					  
						;вычисление f2 и f8
 000C  8B 0E 0004 R			  mov cx, i		
 0010  8B C1				  mov ax, cx
 0012  D1 E1				  shl cx, 1
 0014  D1 E1				  shl cx, 1
 0016  89 0E 000C R			  mov temp, cx	;4i
 001A  8B 1E 0002 R			  mov bx, b
 001E  39 1E 0000 R			  cmp a, bx    ; сравнение a и b
 0022  7E 1A				  jle fsecond		
 0024  83 C1 03					add cx, 3	;a > b
 0027  F7 D9					neg cx
 0029  89 0E 0008 R				mov i1, cx
 002D  8B 0E 000C R				mov cx, temp
 0031  03 C8					add cx, ax
 0033  03 C8					add cx, ax
 0035  83 C1 08					add cx, 8
 0038  F7 D9			        neg cx
 003A  89 0E 000A R				mov i2, cx
 003E					  fsecond:		;a <= b
 003E  03 C8					add cx, ax
 0040  03 C8					add cx, ax
Microsoft (R) Macro Assembler Version 5.10                  11/24/21 25:06:4
                                                             Page     1-2


 0042  83 C1 F6					add cx, -10
 0045  89 0E 0008 R				mov i1, cx
 0049  8B 0E 0004 R				mov cx, i
 004D  83 C1 FF					add cx, -1
 0050  8B C1			        mov ax, cx
 0052  D1 E1					shl cx, 1
 0054  03 C8					add cx, ax
 0056  F7 D9			        neg cx
 0058  83 C1 09			        add cx, 9
 005B  89 0E 000A R				mov i2, cx  
				
						;вычисление f3
 005F  8B 1E 0006 R			  mov bx, k
 0063  83 FB 00				  cmp bx, 0
 0066  74 10				  je f3Second ; k != 0
 0068  3B 0E 0008 R				cmp cx, i1
 006C  7E 07			        jle min1
 006E  8B 0E 0008 R		          mov cx, i1        ; i2 <= i1
 0072  EB 12 90					  jmp MainFinal
 0075						min1:
 0075  EB 0F 90					  jmp MainFinal
				        
 0078					  f3Second:  ; k = 0
 0078  03 0E 0008 R		        add cx, i1
 007C  83 F9 00				    cmp cx, 0
 007F  7D 05				    jge MainFinal     ; |i1 + i2|
 0081  F7 D9				      neg cx
 0083  EB 01 90					  jmp MainFinal
						
 0086					  MainFinal:   ; в cx лежит значение фу
				нкции f3
 0086  CB			      ret
 0087				Main      ENDP
 0087				CODE      ENDS
				END Main 
Microsoft (R) Macro Assembler Version 5.10                  11/24/21 25:06:4
                                                             Symbols-1


Segments and Groups:

                N a m e         	Length	 Align	Combine Class

ASTACK . . . . . . . . . . . . .  	0018	PARA	STACK	
CODE . . . . . . . . . . . . . .  	0087	PARA	NONE	
DATA . . . . . . . . . . . . . .  	000E	PARA	NONE	

Symbols:            

                N a m e         	Type	 Value	 Attr

A  . . . . . . . . . . . . . . .  	L WORD	0000	DATA

B  . . . . . . . . . . . . . . .  	L WORD	0002	DATA

F3SECOND . . . . . . . . . . . .  	L NEAR	0078	CODE
FSECOND  . . . . . . . . . . . .  	L NEAR	003E	CODE

I  . . . . . . . . . . . . . . .  	L WORD	0004	DATA
I1 . . . . . . . . . . . . . . .  	L WORD	0008	DATA
I2 . . . . . . . . . . . . . . .  	L WORD	000A	DATA

K  . . . . . . . . . . . . . . .  	L WORD	0006	DATA

MAIN . . . . . . . . . . . . . .  	F PROC	0000	CODE	Length = 0087
MAINFINAL  . . . . . . . . . . .  	L NEAR	0086	CODE
MIN1 . . . . . . . . . . . . . .  	L NEAR	0075	CODE

TEMP . . . . . . . . . . . . . .  	L WORD	000C	DATA

@CPU . . . . . . .7992 + 461315 Bytes symbol space free

      0 Warning Errors
      0 Severe  Errors
